{"/Users/shorsher/Documents/workspace/playground/pomelo-test/src/components/NavBar/index.js": {"path":"/Users/shorsher/Documents/workspace/playground/pomelo-test/src/components/NavBar/index.js","statementMap":{"0":{"start":{"line":4,"column":15},"end":{"line":29,"column":1}},"1":{"start":{"line":5,"column":24},"end":{"line":17,"column":3}},"2":{"start":{"line":6,"column":4},"end":{"line":16,"column":5}},"3":{"start":{"line":7,"column":6},"end":{"line":15,"column":7}},"4":{"start":{"line":10,"column":40},"end":{"line":10,"column":52}},"5":{"start":{"line":19,"column":2},"end":{"line":28,"column":4}},"6":{"start":{"line":22,"column":28},"end":{"line":22,"column":40}}},"fnMap":{"0":{"name":"(anonymous_0)","decl":{"start":{"line":4,"column":15},"end":{"line":4,"column":16}},"loc":{"start":{"line":4,"column":42},"end":{"line":29,"column":1}},"line":4},"1":{"name":"(anonymous_1)","decl":{"start":{"line":5,"column":24},"end":{"line":5,"column":25}},"loc":{"start":{"line":5,"column":30},"end":{"line":17,"column":3}},"line":5},"2":{"name":"(anonymous_2)","decl":{"start":{"line":10,"column":34},"end":{"line":10,"column":35}},"loc":{"start":{"line":10,"column":40},"end":{"line":10,"column":52}},"line":10},"3":{"name":"(anonymous_3)","decl":{"start":{"line":22,"column":22},"end":{"line":22,"column":23}},"loc":{"start":{"line":22,"column":28},"end":{"line":22,"column":40}},"line":22}},"branchMap":{"0":{"loc":{"start":{"line":6,"column":4},"end":{"line":16,"column":5}},"type":"if","locations":[{"start":{"line":6,"column":4},"end":{"line":16,"column":5}},{"start":{"line":6,"column":4},"end":{"line":16,"column":5}}],"line":6}},"s":{"0":2,"1":8,"2":8,"3":3,"4":1,"5":8,"6":1},"f":{"0":8,"1":8,"2":1,"3":1},"b":{"0":[3,5]},"_coverageSchema":"1a1c01bbd47fc00a2c39e90264f33305004495a9","hash":"49c5256eb648e2e577362ae5edb9172eacf104cd"}
,"/Users/shorsher/Documents/workspace/playground/pomelo-test/src/containers/App/index.js": {"path":"/Users/shorsher/Documents/workspace/playground/pomelo-test/src/containers/App/index.js","statementMap":{"0":{"start":{"line":7,"column":12},"end":{"line":26,"column":1}},"1":{"start":{"line":8,"column":48},"end":{"line":8,"column":58}},"2":{"start":{"line":10,"column":21},"end":{"line":16,"column":3}},"3":{"start":{"line":11,"column":15},"end":{"line":11,"column":67}},"4":{"start":{"line":12,"column":4},"end":{"line":14,"column":5}},"5":{"start":{"line":13,"column":6},"end":{"line":13,"column":52}},"6":{"start":{"line":15,"column":4},"end":{"line":15,"column":15}},"7":{"start":{"line":18,"column":2},"end":{"line":25,"column":4}}},"fnMap":{"0":{"name":"(anonymous_0)","decl":{"start":{"line":7,"column":12},"end":{"line":7,"column":13}},"loc":{"start":{"line":7,"column":18},"end":{"line":26,"column":1}},"line":7},"1":{"name":"(anonymous_1)","decl":{"start":{"line":10,"column":21},"end":{"line":10,"column":22}},"loc":{"start":{"line":10,"column":27},"end":{"line":16,"column":3}},"line":10}},"branchMap":{"0":{"loc":{"start":{"line":12,"column":4},"end":{"line":14,"column":5}},"type":"if","locations":[{"start":{"line":12,"column":4},"end":{"line":14,"column":5}},{"start":{"line":12,"column":4},"end":{"line":14,"column":5}}],"line":12}},"s":{"0":1,"1":3,"2":3,"3":3,"4":3,"5":1,"6":3,"7":3},"f":{"0":3,"1":3},"b":{"0":[1,2]},"_coverageSchema":"1a1c01bbd47fc00a2c39e90264f33305004495a9","hash":"3edce84053c5b7380b83821f3d5192178b796b0f"}
,"/Users/shorsher/Documents/workspace/playground/pomelo-test/src/containers/Detail/index.js": {"path":"/Users/shorsher/Documents/workspace/playground/pomelo-test/src/containers/Detail/index.js","statementMap":{"0":{"start":{"line":3,"column":19},"end":{"line":18,"column":1}},"1":{"start":{"line":13,"column":2},"end":{"line":17,"column":4}}},"fnMap":{"0":{"name":"(anonymous_0)","decl":{"start":{"line":3,"column":19},"end":{"line":3,"column":20}},"loc":{"start":{"line":3,"column":34},"end":{"line":18,"column":1}},"line":3}},"branchMap":{},"s":{"0":2,"1":3},"f":{"0":3},"b":{},"_coverageSchema":"1a1c01bbd47fc00a2c39e90264f33305004495a9","hash":"dead56cb606822db14392ac102a91543b53b900b"}
,"/Users/shorsher/Documents/workspace/playground/pomelo-test/src/containers/Home/index.js": {"path":"/Users/shorsher/Documents/workspace/playground/pomelo-test/src/containers/Home/index.js","statementMap":{"0":{"start":{"line":8,"column":22},"end":{"line":12,"column":1}},"1":{"start":{"line":14,"column":17},"end":{"line":122,"column":1}},"2":{"start":{"line":15,"column":27},"end":{"line":15,"column":57}},"3":{"start":{"line":16,"column":19},"end":{"line":16,"column":32}},"4":{"start":{"line":17,"column":30},"end":{"line":17,"column":62}},"5":{"start":{"line":18,"column":40},"end":{"line":18,"column":52}},"6":{"start":{"line":19,"column":38},"end":{"line":19,"column":50}},"7":{"start":{"line":20,"column":28},"end":{"line":20,"column":40}},"8":{"start":{"line":22,"column":2},"end":{"line":24,"column":24}},"9":{"start":{"line":23,"column":4},"end":{"line":23,"column":43}},"10":{"start":{"line":26,"column":2},"end":{"line":30,"column":62}},"11":{"start":{"line":27,"column":4},"end":{"line":29,"column":5}},"12":{"start":{"line":28,"column":6},"end":{"line":28,"column":51}},"13":{"start":{"line":32,"column":18},"end":{"line":50,"column":3}},"14":{"start":{"line":33,"column":4},"end":{"line":49,"column":5}},"15":{"start":{"line":34,"column":6},"end":{"line":46,"column":7}},"16":{"start":{"line":36,"column":10},"end":{"line":44,"column":17}},"17":{"start":{"line":36,"column":48},"end":{"line":36,"column":75}},"18":{"start":{"line":48,"column":6},"end":{"line":48,"column":63}},"19":{"start":{"line":52,"column":18},"end":{"line":54,"column":3}},"20":{"start":{"line":53,"column":4},"end":{"line":53,"column":73}},"21":{"start":{"line":56,"column":21},"end":{"line":71,"column":3}},"22":{"start":{"line":57,"column":15},"end":{"line":57,"column":24}},"23":{"start":{"line":58,"column":4},"end":{"line":70,"column":5}},"24":{"start":{"line":59,"column":6},"end":{"line":63,"column":7}},"25":{"start":{"line":65,"column":6},"end":{"line":69,"column":7}},"26":{"start":{"line":73,"column":29},"end":{"line":75,"column":3}},"27":{"start":{"line":74,"column":4},"end":{"line":74,"column":20}},"28":{"start":{"line":77,"column":26},"end":{"line":89,"column":3}},"29":{"start":{"line":78,"column":4},"end":{"line":88,"column":13}},"30":{"start":{"line":91,"column":20},"end":{"line":105,"column":3}},"31":{"start":{"line":92,"column":4},"end":{"line":104,"column":10}},"32":{"start":{"line":107,"column":29},"end":{"line":112,"column":3}},"33":{"start":{"line":108,"column":4},"end":{"line":108,"column":24}},"34":{"start":{"line":109,"column":4},"end":{"line":111,"column":7}},"35":{"start":{"line":110,"column":6},"end":{"line":110,"column":68}},"36":{"start":{"line":114,"column":2},"end":{"line":121,"column":4}}},"fnMap":{"0":{"name":"(anonymous_0)","decl":{"start":{"line":14,"column":17},"end":{"line":14,"column":18}},"loc":{"start":{"line":14,"column":43},"end":{"line":122,"column":1}},"line":14},"1":{"name":"(anonymous_1)","decl":{"start":{"line":22,"column":12},"end":{"line":22,"column":13}},"loc":{"start":{"line":22,"column":18},"end":{"line":24,"column":3}},"line":22},"2":{"name":"(anonymous_2)","decl":{"start":{"line":26,"column":12},"end":{"line":26,"column":13}},"loc":{"start":{"line":26,"column":18},"end":{"line":30,"column":3}},"line":26},"3":{"name":"(anonymous_3)","decl":{"start":{"line":32,"column":18},"end":{"line":32,"column":19}},"loc":{"start":{"line":32,"column":28},"end":{"line":50,"column":3}},"line":32},"4":{"name":"(anonymous_4)","decl":{"start":{"line":35,"column":17},"end":{"line":35,"column":18}},"loc":{"start":{"line":36,"column":10},"end":{"line":44,"column":17}},"line":36},"5":{"name":"(anonymous_5)","decl":{"start":{"line":36,"column":42},"end":{"line":36,"column":43}},"loc":{"start":{"line":36,"column":48},"end":{"line":36,"column":75}},"line":36},"6":{"name":"(anonymous_6)","decl":{"start":{"line":52,"column":18},"end":{"line":52,"column":19}},"loc":{"start":{"line":53,"column":4},"end":{"line":53,"column":73}},"line":53},"7":{"name":"(anonymous_7)","decl":{"start":{"line":56,"column":21},"end":{"line":56,"column":22}},"loc":{"start":{"line":56,"column":27},"end":{"line":71,"column":3}},"line":56},"8":{"name":"(anonymous_8)","decl":{"start":{"line":73,"column":29},"end":{"line":73,"column":30}},"loc":{"start":{"line":73,"column":47},"end":{"line":75,"column":3}},"line":73},"9":{"name":"(anonymous_9)","decl":{"start":{"line":77,"column":26},"end":{"line":77,"column":27}},"loc":{"start":{"line":78,"column":4},"end":{"line":88,"column":13}},"line":78},"10":{"name":"(anonymous_10)","decl":{"start":{"line":91,"column":20},"end":{"line":91,"column":21}},"loc":{"start":{"line":92,"column":4},"end":{"line":104,"column":10}},"line":92},"11":{"name":"(anonymous_11)","decl":{"start":{"line":107,"column":29},"end":{"line":107,"column":30}},"loc":{"start":{"line":107,"column":42},"end":{"line":112,"column":3}},"line":107},"12":{"name":"(anonymous_12)","decl":{"start":{"line":109,"column":37},"end":{"line":109,"column":38}},"loc":{"start":{"line":110,"column":6},"end":{"line":110,"column":68}},"line":110}},"branchMap":{"0":{"loc":{"start":{"line":27,"column":4},"end":{"line":29,"column":5}},"type":"if","locations":[{"start":{"line":27,"column":4},"end":{"line":29,"column":5}},{"start":{"line":27,"column":4},"end":{"line":29,"column":5}}],"line":27},"1":{"loc":{"start":{"line":33,"column":4},"end":{"line":49,"column":5}},"type":"if","locations":[{"start":{"line":33,"column":4},"end":{"line":49,"column":5}},{"start":{"line":33,"column":4},"end":{"line":49,"column":5}}],"line":33},"2":{"loc":{"start":{"line":53,"column":4},"end":{"line":53,"column":73}},"type":"cond-expr","locations":[{"start":{"line":53,"column":49},"end":{"line":53,"column":59}},{"start":{"line":53,"column":62},"end":{"line":53,"column":73}}],"line":53},"3":{"loc":{"start":{"line":53,"column":4},"end":{"line":53,"column":47}},"type":"binary-expr","locations":[{"start":{"line":53,"column":4},"end":{"line":53,"column":26}},{"start":{"line":53,"column":30},"end":{"line":53,"column":47}}],"line":53},"4":{"loc":{"start":{"line":58,"column":4},"end":{"line":70,"column":5}},"type":"if","locations":[{"start":{"line":58,"column":4},"end":{"line":70,"column":5}},{"start":{"line":58,"column":4},"end":{"line":70,"column":5}}],"line":58}},"s":{"0":2,"1":2,"2":12,"3":12,"4":12,"5":12,"6":12,"7":12,"8":12,"9":11,"10":12,"11":8,"12":3,"13":12,"14":7,"15":3,"16":3,"17":1,"18":4,"19":12,"20":12,"21":12,"22":12,"23":12,"24":5,"25":7,"26":12,"27":0,"28":12,"29":12,"30":12,"31":12,"32":12,"33":1,"34":1,"35":1,"36":12},"f":{"0":12,"1":11,"2":8,"3":7,"4":3,"5":1,"6":12,"7":12,"8":0,"9":12,"10":12,"11":1,"12":1},"b":{"0":[3,5],"1":[3,4],"2":[1,11],"3":[12,12],"4":[5,7]},"_coverageSchema":"1a1c01bbd47fc00a2c39e90264f33305004495a9","hash":"57aa45d4bf7fb7979ea7c62233b247c604dd8c07"}
,"/Users/shorsher/Documents/workspace/playground/pomelo-test/src/store/index.js": {"path":"/Users/shorsher/Documents/workspace/playground/pomelo-test/src/store/index.js","statementMap":{"0":{"start":{"line":4,"column":21},"end":{"line":8,"column":2}}},"fnMap":{},"branchMap":{},"s":{"0":3},"f":{},"b":{},"_coverageSchema":"1a1c01bbd47fc00a2c39e90264f33305004495a9","hash":"9ff4f83a22769ceefb9fe8170c451063dd2dac9e"}
,"/Users/shorsher/Documents/workspace/playground/pomelo-test/src/store/slice/article/api.js": {"path":"/Users/shorsher/Documents/workspace/playground/pomelo-test/src/store/slice/article/api.js","statementMap":{"0":{"start":{"line":5,"column":37},"end":{"line":11,"column":1}},"1":{"start":{"line":8,"column":21},"end":{"line":8,"column":91}},"2":{"start":{"line":9,"column":4},"end":{"line":9,"column":19}}},"fnMap":{"0":{"name":"(anonymous_0)","decl":{"start":{"line":7,"column":2},"end":{"line":7,"column":3}},"loc":{"start":{"line":7,"column":20},"end":{"line":10,"column":3}},"line":7}},"branchMap":{},"s":{"0":4,"1":4,"2":1},"f":{"0":4},"b":{},"_coverageSchema":"1a1c01bbd47fc00a2c39e90264f33305004495a9","hash":"f6e8195148fc37aa86ef2f2e35eeae06ce864899"}
,"/Users/shorsher/Documents/workspace/playground/pomelo-test/src/store/slice/article/index.js": {"path":"/Users/shorsher/Documents/workspace/playground/pomelo-test/src/store/slice/article/index.js","statementMap":{"0":{"start":{"line":4,"column":28},"end":{"line":25,"column":2}},"1":{"start":{"line":14,"column":6},"end":{"line":14,"column":42}},"2":{"start":{"line":17,"column":6},"end":{"line":17,"column":44}},"3":{"start":{"line":18,"column":6},"end":{"line":18,"column":45}},"4":{"start":{"line":21,"column":6},"end":{"line":21,"column":41}},"5":{"start":{"line":22,"column":6},"end":{"line":22,"column":33}},"6":{"start":{"line":27,"column":33},"end":{"line":27,"column":69}},"7":{"start":{"line":27,"column":44},"end":{"line":27,"column":69}}},"fnMap":{"0":{"name":"(anonymous_0)","decl":{"start":{"line":13,"column":37},"end":{"line":13,"column":38}},"loc":{"start":{"line":13,"column":48},"end":{"line":15,"column":5}},"line":13},"1":{"name":"(anonymous_1)","decl":{"start":{"line":16,"column":39},"end":{"line":16,"column":40}},"loc":{"start":{"line":16,"column":58},"end":{"line":19,"column":5}},"line":16},"2":{"name":"(anonymous_2)","decl":{"start":{"line":20,"column":38},"end":{"line":20,"column":39}},"loc":{"start":{"line":20,"column":49},"end":{"line":23,"column":5}},"line":20},"3":{"name":"(anonymous_3)","decl":{"start":{"line":27,"column":33},"end":{"line":27,"column":34}},"loc":{"start":{"line":27,"column":44},"end":{"line":27,"column":69}},"line":27}},"branchMap":{},"s":{"0":3,"1":4,"2":1,"3":1,"4":1,"5":1,"6":3,"7":7},"f":{"0":4,"1":1,"2":1,"3":7},"b":{},"_coverageSchema":"1a1c01bbd47fc00a2c39e90264f33305004495a9","hash":"9ff730315a92869dcd2bef15a68134e0f3f970ff"}
}
