TN:
SF:src/components/NavBar/index.js
FN:4,(anonymous_0)
FN:5,(anonymous_1)
FN:10,(anonymous_2)
FN:22,(anonymous_3)
FNF:4
FNH:4
FNDA:8,(anonymous_0)
FNDA:8,(anonymous_1)
FNDA:1,(anonymous_2)
FNDA:1,(anonymous_3)
DA:4,2
DA:5,8
DA:6,8
DA:7,3
DA:10,1
DA:19,8
DA:22,1
LF:7
LH:7
BRDA:6,0,0,3
BRDA:6,0,1,5
BRF:2
BRH:2
end_of_record
TN:
SF:src/containers/App/index.js
FN:7,(anonymous_0)
FN:10,(anonymous_1)
FNF:2
FNH:2
FNDA:3,(anonymous_0)
FNDA:3,(anonymous_1)
DA:7,1
DA:8,3
DA:10,3
DA:11,3
DA:12,3
DA:13,1
DA:15,3
DA:18,3
LF:8
LH:8
BRDA:12,0,0,1
BRDA:12,0,1,2
BRF:2
BRH:2
end_of_record
TN:
SF:src/containers/Detail/index.js
FN:3,(anonymous_0)
FNF:1
FNH:1
FNDA:3,(anonymous_0)
DA:3,2
DA:13,3
LF:2
LH:2
BRF:0
BRH:0
end_of_record
TN:
SF:src/containers/Home/index.js
FN:14,(anonymous_0)
FN:22,(anonymous_1)
FN:26,(anonymous_2)
FN:32,(anonymous_3)
FN:35,(anonymous_4)
FN:36,(anonymous_5)
FN:52,(anonymous_6)
FN:56,(anonymous_7)
FN:73,(anonymous_8)
FN:77,(anonymous_9)
FN:91,(anonymous_10)
FN:107,(anonymous_11)
FN:109,(anonymous_12)
FNF:13
FNH:12
FNDA:12,(anonymous_0)
FNDA:11,(anonymous_1)
FNDA:8,(anonymous_2)
FNDA:7,(anonymous_3)
FNDA:3,(anonymous_4)
FNDA:1,(anonymous_5)
FNDA:12,(anonymous_6)
FNDA:12,(anonymous_7)
FNDA:0,(anonymous_8)
FNDA:12,(anonymous_9)
FNDA:12,(anonymous_10)
FNDA:1,(anonymous_11)
FNDA:1,(anonymous_12)
DA:8,2
DA:14,2
DA:15,12
DA:16,12
DA:17,12
DA:18,12
DA:19,12
DA:20,12
DA:22,12
DA:23,11
DA:26,12
DA:27,8
DA:28,3
DA:32,12
DA:33,7
DA:34,3
DA:36,3
DA:48,4
DA:52,12
DA:53,12
DA:56,12
DA:57,12
DA:58,12
DA:59,5
DA:65,7
DA:73,12
DA:74,0
DA:77,12
DA:78,12
DA:91,12
DA:92,12
DA:107,12
DA:108,1
DA:109,1
DA:110,1
DA:114,12
LF:36
LH:35
BRDA:27,0,0,3
BRDA:27,0,1,5
BRDA:33,1,0,3
BRDA:33,1,1,4
BRDA:53,2,0,1
BRDA:53,2,1,11
BRDA:53,3,0,12
BRDA:53,3,1,12
BRDA:58,4,0,5
BRDA:58,4,1,7
BRF:10
BRH:10
end_of_record
TN:
SF:src/store/index.js
FNF:0
FNH:0
DA:4,3
LF:1
LH:1
BRF:0
BRH:0
end_of_record
TN:
SF:src/store/slice/article/api.js
FN:7,(anonymous_0)
FNF:1
FNH:1
FNDA:4,(anonymous_0)
DA:5,4
DA:8,4
DA:9,1
LF:3
LH:3
BRF:0
BRH:0
end_of_record
TN:
SF:src/store/slice/article/index.js
FN:13,(anonymous_0)
FN:16,(anonymous_1)
FN:20,(anonymous_2)
FN:27,(anonymous_3)
FNF:4
FNH:4
FNDA:4,(anonymous_0)
FNDA:1,(anonymous_1)
FNDA:1,(anonymous_2)
FNDA:7,(anonymous_3)
DA:4,3
DA:14,4
DA:17,1
DA:18,1
DA:21,1
DA:22,1
DA:27,7
LF:7
LH:7
BRF:0
BRH:0
end_of_record
